<?xml version="1.0" encoding="UTF-8"?>
<!-- Generated by org.testng.reporters.JUnitReportReporter -->
<testsuite hostname="AX15" failures="0" tests="1" name="allure_test.Testcase2" time="0.007" errors="0" timestamp="2024-12-19T16:11:40 EST" skipped="0">
  <testcase classname="allure_test.Testcase2" name="testmethod2" time="0.007"/>
</testsuite> <!-- allure_test.Testcase2 -->
