<?xml version="1.0" encoding="UTF-8"?>
<!-- Generated by org.testng.reporters.JUnitReportReporter -->
<testsuite hostname="AX15" failures="0" tests="1" name="allure_test.Testcase6" time="0.009" errors="0" timestamp="2025-01-15T11:51:07 EST" skipped="0">
  <testcase classname="allure_test.Testcase6" name="testmethod6" time="0.009"/>
</testsuite> <!-- allure_test.Testcase6 -->
