<?xml version="1.0" encoding="UTF-8"?>
<!-- Generated by org.testng.reporters.JUnitReportReporter -->
<testsuite hostname="AX15" failures="0" tests="1" name="allure_test.Testcase2" time="0.013" errors="0" timestamp="2025-01-15T11:42:07 EST" skipped="0">
  <testcase classname="allure_test.Testcase2" name="testmethod2" time="0.013"/>
</testsuite> <!-- allure_test.Testcase2 -->
